#
# There is insufficient memory for the Java Runtime Environment to continue.
# Native memory allocation (malloc) failed to allocate 1249776 bytes. Error detail: Chunk::new
# Possible reasons:
#   The system is out of physical RAM or swap space
#   This process is running with CompressedOops enabled, and the Java Heap may be blocking the growth of the native heap
# Possible solutions:
#   Reduce memory load on the system
#   Increase physical memory or swap space
#   Check if swap backing store is full
#   Decrease Java heap size (-Xmx/-Xms)
#   Decrease number of Java threads
#   Decrease Java thread stack sizes (-Xss)
#   Set larger code cache with -XX:ReservedCodeCacheSize=
#   JVM is running with Unscaled Compressed Oops mode in which the Java heap is
#     placed in the first 4GB address space. The Java Heap base address is the
#     maximum limit for the native heap growth. Please use -XX:HeapBaseMinAddress
#     to set the Java Heap base and to place the Java Heap above 4GB virtual address.
# This output file may be truncated or incomplete.
#
#  Out of Memory Error (arena.cpp:191), pid=19188, tid=17900
#
# JRE version: OpenJDK Runtime Environment Corretto-17.0.13.11.1 (17.0.13+11) (build 17.0.13+11-LTS)
# Java VM: OpenJDK 64-Bit Server VM Corretto-17.0.13.11.1 (17.0.13+11-LTS, mixed mode, sharing, tiered, compressed oops, compressed class ptrs, g1 gc, windows-amd64)
# No core dump will be written. Minidumps are not enabled by default on client versions of Windows
#

---------------  S U M M A R Y ------------

Command Line: -Dclassworlds.conf=C:\ProgramData\chocolatey\lib\maven\apache-maven-3.9.9\bin\m2.conf -Dmaven.home=C:\ProgramData\chocolatey\lib\maven\apache-maven-3.9.9 -Dlibrary.jansi.path=C:\ProgramData\chocolatey\lib\maven\apache-maven-3.9.9\lib\jansi-native -Dmaven.multiModuleProjectDirectory=C:\Users\uhana\IdeaProjects\mulkiAppium org.codehaus.plexus.classworlds.launcher.Launcher clean install

Host: AMD Ryzen 5 7520U with Radeon Graphics         , 8 cores, 7G,  Windows 11 , 64 bit Build 26100 (10.0.26100.3912)
Time: Wed May 21 14:15:25 2025 Egypt Daylight Time elapsed time: 22.817092 seconds (0d 0h 0m 22s)

---------------  T H R E A D  ---------------

Current thread (0x0000013e0b520210):  JavaThread "C2 CompilerThread2" daemon [_thread_in_native, id=17900, stack(0x0000000489b00000,0x0000000489c00000)]


Current CompileTask:
C2:  22817 3963       4       org.codehaus.plexus.interpolation.reflection.ReflectionValueExtractor::evaluate (242 bytes)

Stack: [0x0000000489b00000,0x0000000489c00000]
Native frames: (J=compiled Java code, j=interpreted, Vv=VM code, C=native code)
V  [jvm.dll+0x680c19]
V  [jvm.dll+0x83888a]
V  [jvm.dll+0x83a34e]
V  [jvm.dll+0x83a9b3]
V  [jvm.dll+0x2481af]
V  [jvm.dll+0xac9f4]
V  [jvm.dll+0xad03c]
V  [jvm.dll+0x367762]
V  [jvm.dll+0x1bd1d6]
V  [jvm.dll+0x21a859]
V  [jvm.dll+0x219b41]
V  [jvm.dll+0x1a58ed]
V  [jvm.dll+0x22988d]
V  [jvm.dll+0x227a1c]
V  [jvm.dll+0x7ed737]
V  [jvm.dll+0x7e7b2c]
V  [jvm.dll+0x67fae7]
C  [ucrtbase.dll+0x37b0]
C  [KERNEL32.DLL+0x2e8d7]
C  [ntdll.dll+0x9c5dc]


---------------  P R O C E S S  ---------------

Threads class SMR info:
_java_thread_list=0x0000013e0ab4fd70, length=15, elements={
0x0000013da45791d0, 0x0000013dc4324520, 0x0000013dc4324df0, 0x0000013dc433e660,
0x0000013dc4342f40, 0x0000013dc4343810, 0x0000013dc43440e0, 0x0000013dc4346da0,
0x0000013dc435f780, 0x0000013dc43620a0, 0x0000013dc4599570, 0x0000013dc45c0530,
0x0000013e0b2e0050, 0x0000013e0af6bd90, 0x0000013e0b520210
}

Java Threads: ( => current thread )
  0x0000013da45791d0 JavaThread "main" [_thread_in_Java, id=28476, stack(0x0000000487f00000,0x0000000488000000)]
  0x0000013dc4324520 JavaThread "Reference Handler" daemon [_thread_blocked, id=1564, stack(0x0000000488600000,0x0000000488700000)]
  0x0000013dc4324df0 JavaThread "Finalizer" daemon [_thread_blocked, id=25188, stack(0x0000000488700000,0x0000000488800000)]
  0x0000013dc433e660 JavaThread "Signal Dispatcher" daemon [_thread_blocked, id=7028, stack(0x0000000488800000,0x0000000488900000)]
  0x0000013dc4342f40 JavaThread "Attach Listener" daemon [_thread_blocked, id=17776, stack(0x0000000488900000,0x0000000488a00000)]
  0x0000013dc4343810 JavaThread "Service Thread" daemon [_thread_blocked, id=15948, stack(0x0000000488a00000,0x0000000488b00000)]
  0x0000013dc43440e0 JavaThread "Monitor Deflation Thread" daemon [_thread_blocked, id=19148, stack(0x0000000488b00000,0x0000000488c00000)]
  0x0000013dc4346da0 JavaThread "C2 CompilerThread0" daemon [_thread_in_native, id=30292, stack(0x0000000488c00000,0x0000000488d00000)]
  0x0000013dc435f780 JavaThread "C1 CompilerThread0" daemon [_thread_in_native, id=8584, stack(0x0000000488d00000,0x0000000488e00000)]
  0x0000013dc43620a0 JavaThread "Sweeper thread" daemon [_thread_blocked, id=19936, stack(0x0000000488e00000,0x0000000488f00000)]
  0x0000013dc4599570 JavaThread "Notification Thread" daemon [_thread_blocked, id=20732, stack(0x0000000488f00000,0x0000000489000000)]
  0x0000013dc45c0530 JavaThread "Common-Cleaner" daemon [_thread_blocked, id=25908, stack(0x0000000489100000,0x0000000489200000)]
  0x0000013e0b2e0050 JavaThread "Thread-1" daemon [_thread_blocked, id=10724, stack(0x0000000489900000,0x0000000489a00000)]
  0x0000013e0af6bd90 JavaThread "C2 CompilerThread1" daemon [_thread_in_native, id=15616, stack(0x0000000489a00000,0x0000000489b00000)]
=>0x0000013e0b520210 JavaThread "C2 CompilerThread2" daemon [_thread_in_native, id=17900, stack(0x0000000489b00000,0x0000000489c00000)]

Other Threads:
  0x0000013dc431f1d0 VMThread "VM Thread" [stack: 0x0000000488500000,0x0000000488600000] [id=12852]
  0x0000013dc45ba270 WatcherThread [stack: 0x0000000489000000,0x0000000489100000] [id=26836]
  0x0000013da45d0290 GCTaskThread "GC Thread#0" [stack: 0x0000000488000000,0x0000000488100000] [id=24132]
  0x0000013e0a4f6ce0 GCTaskThread "GC Thread#1" [stack: 0x0000000489200000,0x0000000489300000] [id=16464]
  0x0000013e0a6f95b0 GCTaskThread "GC Thread#2" [stack: 0x0000000489300000,0x0000000489400000] [id=8284]
  0x0000013e0a6fa880 GCTaskThread "GC Thread#3" [stack: 0x0000000489400000,0x0000000489500000] [id=26148]
  0x0000013e0a6fab40 GCTaskThread "GC Thread#4" [stack: 0x0000000489500000,0x0000000489600000] [id=24004]
  0x0000013e0a6fae00 GCTaskThread "GC Thread#5" [stack: 0x0000000489600000,0x0000000489700000] [id=12564]
  0x0000013e0a6fb6d0 GCTaskThread "GC Thread#6" [stack: 0x0000000489700000,0x0000000489800000] [id=28700]
  0x0000013e0a7011c0 GCTaskThread "GC Thread#7" [stack: 0x0000000489800000,0x0000000489900000] [id=19396]
  0x0000013da45e16d0 ConcurrentGCThread "G1 Main Marker" [stack: 0x0000000488100000,0x0000000488200000] [id=21748]
  0x0000013da45e2000 ConcurrentGCThread "G1 Conc#0" [stack: 0x0000000488200000,0x0000000488300000] [id=2476]
  0x0000013da462e6c0 ConcurrentGCThread "G1 Refine#0" [stack: 0x0000000488300000,0x0000000488400000] [id=12872]
  0x0000013dc41de120 ConcurrentGCThread "G1 Service" [stack: 0x0000000488400000,0x0000000488500000] [id=29044]

Threads with active compile tasks:
C2 CompilerThread0    22859 3969   !   4       org.apache.maven.model.Plugin::clone (204 bytes)
C1 CompilerThread0    22859 4115       1       org.eclipse.aether.graph.DefaultDependencyNode::getManagedBits (5 bytes)
C2 CompilerThread1    22859 4059       4       org.codehaus.plexus.util.xml.Xpp3DomBuilder::build (413 bytes)
C2 CompilerThread2    22859 3963       4       org.codehaus.plexus.interpolation.reflection.ReflectionValueExtractor::evaluate (242 bytes)

VM state: not at safepoint (normal execution)

VM Mutex/Monitor currently owned by a thread:  ([mutex/lock_event])
[0x0000013da4575b30] MethodData_lock - owner thread: 0x0000000000000000

Heap address: 0x000000008b800000, size: 1864 MB, Compressed Oops mode: 32-bit

CDS archive(s) mapped at: [0x0000013dc5000000-0x0000013dc5bb0000-0x0000013dc5bb0000), size 12255232, SharedBaseAddress: 0x0000013dc5000000, ArchiveRelocationMode: 1.
Compressed class space mapped at: 0x0000013dc6000000-0x0000013e06000000, reserved size: 1073741824
Narrow klass base: 0x0000013dc5000000, Narrow klass shift: 0, Narrow klass range: 0x100000000

GC Precious Log:
 CPUs: 8 total, 8 available
 Memory: 7455M
 Large Page Support: Disabled
 NUMA Support: Disabled
 Compressed Oops: Enabled (32-bit)
 Heap Region Size: 1M
 Heap Min Capacity: 8M
 Heap Initial Capacity: 118M
 Heap Max Capacity: 1864M
 Pre-touch: Disabled
 Parallel Workers: 8
 Concurrent Workers: 2
 Concurrent Refinement Workers: 8
 Periodic GC: Disabled

Heap:
 garbage-first heap   total 162816K, used 13832K [0x000000008b800000, 0x0000000100000000)
  region size 1024K, 5 young (5120K), 2 survivors (2048K)
 Metaspace       used 16069K, committed 16192K, reserved 1114112K
  class space    used 1880K, committed 1920K, reserved 1048576K

Heap Regions: E=young(eden), S=young(survivor), O=old, HS=humongous(starts), HC=humongous(continues), CS=collection set, F=free, OA=open archive, CA=closed archive, TAMS=top-at-mark-start (previous, next)
|   0|0x000000008b800000, 0x000000008b900000, 0x000000008b900000|100%| O|  |TAMS 0x000000008b800000, 0x000000008b800000| Untracked 
|   1|0x000000008b900000, 0x000000008ba00000, 0x000000008ba00000|100%| O|  |TAMS 0x000000008b900000, 0x000000008b900000| Untracked 
|   2|0x000000008ba00000, 0x000000008baffff8, 0x000000008bb00000| 99%| O|  |TAMS 0x000000008ba00000, 0x000000008ba00000| Untracked 
|   3|0x000000008bb00000, 0x000000008bc00000, 0x000000008bc00000|100%| O|  |TAMS 0x000000008bb00000, 0x000000008bb00000| Untracked 
|   4|0x000000008bc00000, 0x000000008bd00000, 0x000000008bd00000|100%| O|  |TAMS 0x000000008bc00000, 0x000000008bc00000| Untracked 
|   5|0x000000008bd00000, 0x000000008be00000, 0x000000008be00000|100%| O|  |TAMS 0x000000008bd00000, 0x000000008bd00000| Untracked 
|   6|0x000000008be00000, 0x000000008bf00000, 0x000000008bf00000|100%| O|  |TAMS 0x000000008be00000, 0x000000008be00000| Untracked 
|   7|0x000000008bf00000, 0x000000008c000000, 0x000000008c000000|100%| O|  |TAMS 0x000000008bf00000, 0x000000008bf00000| Untracked 
|   8|0x000000008c000000, 0x000000008c100000, 0x000000008c100000|100%| O|  |TAMS 0x000000008c000000, 0x000000008c000000| Untracked 
|   9|0x000000008c100000, 0x000000008c1a0400, 0x000000008c200000| 62%| O|  |TAMS 0x000000008c100000, 0x000000008c100000| Untracked 
|  10|0x000000008c200000, 0x000000008c200000, 0x000000008c300000|  0%| F|  |TAMS 0x000000008c200000, 0x000000008c200000| Untracked 
|  11|0x000000008c300000, 0x000000008c300000, 0x000000008c400000|  0%| F|  |TAMS 0x000000008c300000, 0x000000008c300000| Untracked 
|  12|0x000000008c400000, 0x000000008c400000, 0x000000008c500000|  0%| F|  |TAMS 0x000000008c400000, 0x000000008c400000| Untracked 
|  13|0x000000008c500000, 0x000000008c500000, 0x000000008c600000|  0%| F|  |TAMS 0x000000008c500000, 0x000000008c500000| Untracked 
|  14|0x000000008c600000, 0x000000008c600000, 0x000000008c700000|  0%| F|  |TAMS 0x000000008c600000, 0x000000008c600000| Untracked 
|  15|0x000000008c700000, 0x000000008c700000, 0x000000008c800000|  0%| F|  |TAMS 0x000000008c700000, 0x000000008c700000| Untracked 
|  16|0x000000008c800000, 0x000000008c800000, 0x000000008c900000|  0%| F|  |TAMS 0x000000008c800000, 0x000000008c800000| Untracked 
|  17|0x000000008c900000, 0x000000008c900000, 0x000000008ca00000|  0%| F|  |TAMS 0x000000008c900000, 0x000000008c900000| Untracked 
|  18|0x000000008ca00000, 0x000000008ca00000, 0x000000008cb00000|  0%| F|  |TAMS 0x000000008ca00000, 0x000000008ca00000| Untracked 
|  19|0x000000008cb00000, 0x000000008cb00000, 0x000000008cc00000|  0%| F|  |TAMS 0x000000008cb00000, 0x000000008cb00000| Untracked 
|  20|0x000000008cc00000, 0x000000008cc00000, 0x000000008cd00000|  0%| F|  |TAMS 0x000000008cc00000, 0x000000008cc00000| Untracked 
|  21|0x000000008cd00000, 0x000000008cd00000, 0x000000008ce00000|  0%| F|  |TAMS 0x000000008cd00000, 0x000000008cd00000| Untracked 
|  22|0x000000008ce00000, 0x000000008ce00000, 0x000000008cf00000|  0%| F|  |TAMS 0x000000008ce00000, 0x000000008ce00000| Untracked 
|  23|0x000000008cf00000, 0x000000008cf00000, 0x000000008d000000|  0%| F|  |TAMS 0x000000008cf00000, 0x000000008cf00000| Untracked 
|  24|0x000000008d000000, 0x000000008d000000, 0x000000008d100000|  0%| F|  |TAMS 0x000000008d000000, 0x000000008d000000| Untracked 
|  25|0x000000008d100000, 0x000000008d100000, 0x000000008d200000|  0%| F|  |TAMS 0x000000008d100000, 0x000000008d100000| Untracked 
|  26|0x000000008d200000, 0x000000008d200000, 0x000000008d300000|  0%| F|  |TAMS 0x000000008d200000, 0x000000008d200000| Untracked 
|  27|0x000000008d300000, 0x000000008d300000, 0x000000008d400000|  0%| F|  |TAMS 0x000000008d300000, 0x000000008d300000| Untracked 
|  28|0x000000008d400000, 0x000000008d400000, 0x000000008d500000|  0%| F|  |TAMS 0x000000008d400000, 0x000000008d400000| Untracked 
|  29|0x000000008d500000, 0x000000008d500000, 0x000000008d600000|  0%| F|  |TAMS 0x000000008d500000, 0x000000008d500000| Untracked 
|  30|0x000000008d600000, 0x000000008d600000, 0x000000008d700000|  0%| F|  |TAMS 0x000000008d600000, 0x000000008d600000| Untracked 
|  31|0x000000008d700000, 0x000000008d700000, 0x000000008d800000|  0%| F|  |TAMS 0x000000008d700000, 0x000000008d700000| Untracked 
|  32|0x000000008d800000, 0x000000008d800000, 0x000000008d900000|  0%| F|  |TAMS 0x000000008d800000, 0x000000008d800000| Untracked 
|  33|0x000000008d900000, 0x000000008d900000, 0x000000008da00000|  0%| F|  |TAMS 0x000000008d900000, 0x000000008d900000| Untracked 
|  34|0x000000008da00000, 0x000000008da00000, 0x000000008db00000|  0%| F|  |TAMS 0x000000008da00000, 0x000000008da00000| Untracked 
|  35|0x000000008db00000, 0x000000008db00000, 0x000000008dc00000|  0%| F|  |TAMS 0x000000008db00000, 0x000000008db00000| Untracked 
|  36|0x000000008dc00000, 0x000000008dc00000, 0x000000008dd00000|  0%| F|  |TAMS 0x000000008dc00000, 0x000000008dc00000| Untracked 
|  37|0x000000008dd00000, 0x000000008dd00000, 0x000000008de00000|  0%| F|  |TAMS 0x000000008dd00000, 0x000000008dd00000| Untracked 
|  38|0x000000008de00000, 0x000000008de00000, 0x000000008df00000|  0%| F|  |TAMS 0x000000008de00000, 0x000000008de00000| Untracked 
|  39|0x000000008df00000, 0x000000008df00000, 0x000000008e000000|  0%| F|  |TAMS 0x000000008df00000, 0x000000008df00000| Untracked 
|  40|0x000000008e000000, 0x000000008e000000, 0x000000008e100000|  0%| F|  |TAMS 0x000000008e000000, 0x000000008e000000| Untracked 
|  41|0x000000008e100000, 0x000000008e100000, 0x000000008e200000|  0%| F|  |TAMS 0x000000008e100000, 0x000000008e100000| Untracked 
|  42|0x000000008e200000, 0x000000008e200000, 0x000000008e300000|  0%| F|  |TAMS 0x000000008e200000, 0x000000008e200000| Untracked 
|  43|0x000000008e300000, 0x000000008e300000, 0x000000008e400000|  0%| F|  |TAMS 0x000000008e300000, 0x000000008e300000| Untracked 
|  44|0x000000008e400000, 0x000000008e400000, 0x000000008e500000|  0%| F|  |TAMS 0x000000008e400000, 0x000000008e400000| Untracked 
|  45|0x000000008e500000, 0x000000008e500000, 0x000000008e600000|  0%| F|  |TAMS 0x000000008e500000, 0x000000008e500000| Untracked 
|  46|0x000000008e600000, 0x000000008e600000, 0x000000008e700000|  0%| F|  |TAMS 0x000000008e600000, 0x000000008e600000| Untracked 
|  47|0x000000008e700000, 0x000000008e700000, 0x000000008e800000|  0%| F|  |TAMS 0x000000008e700000, 0x000000008e700000| Untracked 
|  48|0x000000008e800000, 0x000000008e800000, 0x000000008e900000|  0%| F|  |TAMS 0x000000008e800000, 0x000000008e800000| Untracked 
|  49|0x000000008e900000, 0x000000008e900000, 0x000000008ea00000|  0%| F|  |TAMS 0x000000008e900000, 0x000000008e900000| Untracked 
|  50|0x000000008ea00000, 0x000000008ea00000, 0x000000008eb00000|  0%| F|  |TAMS 0x000000008ea00000, 0x000000008ea00000| Untracked 
|  51|0x000000008eb00000, 0x000000008eb00000, 0x000000008ec00000|  0%| F|  |TAMS 0x000000008eb00000, 0x000000008eb00000| Untracked 
|  52|0x000000008ec00000, 0x000000008ec00000, 0x000000008ed00000|  0%| F|  |TAMS 0x000000008ec00000, 0x000000008ec00000| Untracked 
|  53|0x000000008ed00000, 0x000000008ed00000, 0x000000008ee00000|  0%| F|  |TAMS 0x000000008ed00000, 0x000000008ed00000| Untracked 
|  54|0x000000008ee00000, 0x000000008ee00000, 0x000000008ef00000|  0%| F|  |TAMS 0x000000008ee00000, 0x000000008ee00000| Untracked 
|  55|0x000000008ef00000, 0x000000008ef00000, 0x000000008f000000|  0%| F|  |TAMS 0x000000008ef00000, 0x000000008ef00000| Untracked 
|  56|0x000000008f000000, 0x000000008f000000, 0x000000008f100000|  0%| F|  |TAMS 0x000000008f000000, 0x000000008f000000| Untracked 
|  57|0x000000008f100000, 0x000000008f100000, 0x000000008f200000|  0%| F|  |TAMS 0x000000008f100000, 0x000000008f100000| Untracked 
|  58|0x000000008f200000, 0x000000008f200000, 0x000000008f300000|  0%| F|  |TAMS 0x000000008f200000, 0x000000008f200000| Untracked 
|  59|0x000000008f300000, 0x000000008f300000, 0x000000008f400000|  0%| F|  |TAMS 0x000000008f300000, 0x000000008f300000| Untracked 
|  60|0x000000008f400000, 0x000000008f400000, 0x000000008f500000|  0%| F|  |TAMS 0x000000008f400000, 0x000000008f400000| Untracked 
|  61|0x000000008f500000, 0x000000008f500000, 0x000000008f600000|  0%| F|  |TAMS 0x000000008f500000, 0x000000008f500000| Untracked 
|  62|0x000000008f600000, 0x000000008f600000, 0x000000008f700000|  0%| F|  |TAMS 0x000000008f600000, 0x000000008f600000| Untracked 
|  63|0x000000008f700000, 0x000000008f700000, 0x000000008f800000|  0%| F|  |TAMS 0x000000008f700000, 0x000000008f700000| Untracked 
|  64|0x000000008f800000, 0x000000008f800000, 0x000000008f900000|  0%| F|  |TAMS 0x000000008f800000, 0x000000008f800000| Untracked 
|  65|0x000000008f900000, 0x000000008f900000, 0x000000008fa00000|  0%| F|  |TAMS 0x000000008f900000, 0x000000008f900000| Untracked 
|  66|0x000000008fa00000, 0x000000008fa00000, 0x000000008fb00000|  0%| F|  |TAMS 0x000000008fa00000, 0x000000008fa00000| Untracked 
|  67|0x000000008fb00000, 0x000000008fb00000, 0x000000008fc00000|  0%| F|  |TAMS 0x000000008fb00000, 0x000000008fb00000| Untracked 
|  68|0x000000008fc00000, 0x000000008fc00000, 0x000000008fd00000|  0%| F|  |TAMS 0x000000008fc00000, 0x000000008fc00000| Untracked 
|  69|0x000000008fd00000, 0x000000008fd00000, 0x000000008fe00000|  0%| F|  |TAMS 0x000000008fd00000, 0x000000008fd00000| Untracked 
|  70|0x000000008fe00000, 0x000000008fe00000, 0x000000008ff00000|  0%| F|  |TAMS 0x000000008fe00000, 0x000000008fe00000| Untracked 
|  71|0x000000008ff00000, 0x000000008ff00000, 0x0000000090000000|  0%| F|  |TAMS 0x000000008ff00000, 0x000000008ff00000| Untracked 
|  72|0x0000000090000000, 0x0000000090000000, 0x0000000090100000|  0%| F|  |TAMS 0x0000000090000000, 0x0000000090000000| Untracked 
|  73|0x0000000090100000, 0x0000000090100000, 0x0000000090200000|  0%| F|  |TAMS 0x0000000090100000, 0x0000000090100000| Untracked 
|  74|0x0000000090200000, 0x0000000090200000, 0x0000000090300000|  0%| F|  |TAMS 0x0000000090200000, 0x0000000090200000| Untracked 
|  75|0x0000000090300000, 0x0000000090300000, 0x0000000090400000|  0%| F|  |TAMS 0x0000000090300000, 0x0000000090300000| Untracked 
|  76|0x0000000090400000, 0x0000000090400000, 0x0000000090500000|  0%| F|  |TAMS 0x0000000090400000, 0x0000000090400000| Untracked 
|  77|0x0000000090500000, 0x0000000090500000, 0x0000000090600000|  0%| F|  |TAMS 0x0000000090500000, 0x0000000090500000| Untracked 
|  78|0x0000000090600000, 0x0000000090600000, 0x0000000090700000|  0%| F|  |TAMS 0x0000000090600000, 0x0000000090600000| Untracked 
|  79|0x0000000090700000, 0x0000000090700000, 0x0000000090800000|  0%| F|  |TAMS 0x0000000090700000, 0x0000000090700000| Untracked 
|  80|0x0000000090800000, 0x0000000090800000, 0x0000000090900000|  0%| F|  |TAMS 0x0000000090800000, 0x0000000090800000| Untracked 
|  81|0x0000000090900000, 0x0000000090900000, 0x0000000090a00000|  0%| F|  |TAMS 0x0000000090900000, 0x0000000090900000| Untracked 
|  82|0x0000000090a00000, 0x0000000090a00000, 0x0000000090b00000|  0%| F|  |TAMS 0x0000000090a00000, 0x0000000090a00000| Untracked 
|  83|0x0000000090b00000, 0x0000000090b00000, 0x0000000090c00000|  0%| F|  |TAMS 0x0000000090b00000, 0x0000000090b00000| Untracked 
|  84|0x0000000090c00000, 0x0000000090c00000, 0x0000000090d00000|  0%| F|  |TAMS 0x0000000090c00000, 0x0000000090c00000| Untracked 
|  85|0x0000000090d00000, 0x0000000090d00000, 0x0000000090e00000|  0%| F|  |TAMS 0x0000000090d00000, 0x0000000090d00000| Untracked 
|  86|0x0000000090e00000, 0x0000000090e00000, 0x0000000090f00000|  0%| F|  |TAMS 0x0000000090e00000, 0x0000000090e00000| Untracked 
|  87|0x0000000090f00000, 0x0000000090f00000, 0x0000000091000000|  0%| F|  |TAMS 0x0000000090f00000, 0x0000000090f00000| Untracked 
|  88|0x0000000091000000, 0x0000000091000000, 0x0000000091100000|  0%| F|  |TAMS 0x0000000091000000, 0x0000000091000000| Untracked 
|  89|0x0000000091100000, 0x0000000091100000, 0x0000000091200000|  0%| F|  |TAMS 0x0000000091100000, 0x0000000091100000| Untracked 
|  90|0x0000000091200000, 0x0000000091200000, 0x0000000091300000|  0%| F|  |TAMS 0x0000000091200000, 0x0000000091200000| Untracked 
|  91|0x0000000091300000, 0x0000000091300000, 0x0000000091400000|  0%| F|  |TAMS 0x0000000091300000, 0x0000000091300000| Untracked 
|  92|0x0000000091400000, 0x0000000091400000, 0x0000000091500000|  0%| F|  |TAMS 0x0000000091400000, 0x0000000091400000| Untracked 
|  93|0x0000000091500000, 0x0000000091500000, 0x0000000091600000|  0%| F|  |TAMS 0x0000000091500000, 0x0000000091500000| Untracked 
|  94|0x0000000091600000, 0x0000000091600000, 0x0000000091700000|  0%| F|  |TAMS 0x0000000091600000, 0x0000000091600000| Untracked 
|  95|0x0000000091700000, 0x0000000091700000, 0x0000000091800000|  0%| F|  |TAMS 0x0000000091700000, 0x0000000091700000| Untracked 
|  96|0x0000000091800000, 0x0000000091800000, 0x0000000091900000|  0%| F|  |TAMS 0x0000000091800000, 0x0000000091800000| Untracked 
|  97|0x0000000091900000, 0x0000000091900000, 0x0000000091a00000|  0%| F|  |TAMS 0x0000000091900000, 0x0000000091900000| Untracked 
|  98|0x0000000091a00000, 0x0000000091a00000, 0x0000000091b00000|  0%| F|  |TAMS 0x0000000091a00000, 0x0000000091a00000| Untracked 
|  99|0x0000000091b00000, 0x0000000091b00000, 0x0000000091c00000|  0%| F|  |TAMS 0x0000000091b00000, 0x0000000091b00000| Untracked 
| 100|0x0000000091c00000, 0x0000000091c00000, 0x0000000091d00000|  0%| F|  |TAMS 0x0000000091c00000, 0x0000000091c00000| Untracked 
| 101|0x0000000091d00000, 0x0000000091d00000, 0x0000000091e00000|  0%| F|  |TAMS 0x0000000091d00000, 0x0000000091d00000| Untracked 
| 102|0x0000000091e00000, 0x0000000091e00000, 0x0000000091f00000|  0%| F|  |TAMS 0x0000000091e00000, 0x0000000091e00000| Untracked 
| 103|0x0000000091f00000, 0x0000000091f00000, 0x0000000092000000|  0%| F|  |TAMS 0x0000000091f00000, 0x0000000091f00000| Untracked 
| 104|0x0000000092000000, 0x0000000092000000, 0x0000000092100000|  0%| F|  |TAMS 0x0000000092000000, 0x0000000092000000| Untracked 
| 105|0x0000000092100000, 0x0000000092100000, 0x0000000092200000|  0%| F|  |TAMS 0x0000000092100000, 0x0000000092100000| Untracked 
| 106|0x0000000092200000, 0x0000000092200000, 0x0000000092300000|  0%| F|  |TAMS 0x0000000092200000, 0x0000000092200000| Untracked 
| 107|0x0000000092300000, 0x0000000092300000, 0x0000000092400000|  0%| F|  |TAMS 0x0000000092300000, 0x0000000092300000| Untracked 
| 108|0x0000000092400000, 0x0000000092400000, 0x0000000092500000|  0%| F|  |TAMS 0x0000000092400000, 0x0000000092400000| Untracked 
| 109|0x0000000092500000, 0x0000000092500000, 0x0000000092600000|  0%| F|  |TAMS 0x0000000092500000, 0x0000000092500000| Untracked 
| 110|0x0000000092600000, 0x0000000092600000, 0x0000000092700000|  0%| F|  |TAMS 0x0000000092600000, 0x0000000092600000| Untracked 
| 111|0x0000000092700000, 0x0000000092700000, 0x0000000092800000|  0%| F|  |TAMS 0x0000000092700000, 0x0000000092700000| Untracked 
| 112|0x0000000092800000, 0x0000000092800000, 0x0000000092900000|  0%| F|  |TAMS 0x0000000092800000, 0x0000000092800000| Untracked 
| 113|0x0000000092900000, 0x0000000092900000, 0x0000000092a00000|  0%| F|  |TAMS 0x0000000092900000, 0x0000000092900000| Untracked 
| 114|0x0000000092a00000, 0x0000000092a00000, 0x0000000092b00000|  0%| F|  |TAMS 0x0000000092a00000, 0x0000000092a00000| Untracked 
| 115|0x0000000092b00000, 0x0000000092b00000, 0x0000000092c00000|  0%| F|  |TAMS 0x0000000092b00000, 0x0000000092b00000| Untracked 
| 116|0x0000000092c00000, 0x0000000092c00000, 0x0000000092d00000|  0%| F|  |TAMS 0x0000000092c00000, 0x0000000092c00000| Untracked 
| 117|0x0000000092d00000, 0x0000000092d00000, 0x0000000092e00000|  0%| F|  |TAMS 0x0000000092d00000, 0x0000000092d00000| Untracked 
| 118|0x0000000092e00000, 0x0000000092e00000, 0x0000000092f00000|  0%| F|  |TAMS 0x0000000092e00000, 0x0000000092e00000| Untracked 
| 119|0x0000000092f00000, 0x0000000092f00000, 0x0000000093000000|  0%| F|  |TAMS 0x0000000092f00000, 0x0000000092f00000| Untracked 
| 120|0x0000000093000000, 0x0000000093000000, 0x0000000093100000|  0%| F|  |TAMS 0x0000000093000000, 0x0000000093000000| Untracked 
| 121|0x0000000093100000, 0x0000000093100000, 0x0000000093200000|  0%| F|  |TAMS 0x0000000093100000, 0x0000000093100000| Untracked 
| 122|0x0000000093200000, 0x0000000093200000, 0x0000000093300000|  0%| F|  |TAMS 0x0000000093200000, 0x0000000093200000| Untracked 
| 123|0x0000000093300000, 0x0000000093300000, 0x0000000093400000|  0%| F|  |TAMS 0x0000000093300000, 0x0000000093300000| Untracked 
| 124|0x0000000093400000, 0x0000000093400000, 0x0000000093500000|  0%| F|  |TAMS 0x0000000093400000, 0x0000000093400000| Untracked 
| 125|0x0000000093500000, 0x0000000093500000, 0x0000000093600000|  0%| F|  |TAMS 0x0000000093500000, 0x0000000093500000| Untracked 
| 126|0x0000000093600000, 0x0000000093600000, 0x0000000093700000|  0%| F|  |TAMS 0x0000000093600000, 0x0000000093600000| Untracked 
| 127|0x0000000093700000, 0x0000000093700000, 0x0000000093800000|  0%| F|  |TAMS 0x0000000093700000, 0x0000000093700000| Untracked 
| 128|0x0000000093800000, 0x0000000093800000, 0x0000000093900000|  0%| F|  |TAMS 0x0000000093800000, 0x0000000093800000| Untracked 
| 129|0x0000000093900000, 0x0000000093900000, 0x0000000093a00000|  0%| F|  |TAMS 0x0000000093900000, 0x0000000093900000| Untracked 
| 130|0x0000000093a00000, 0x0000000093a00000, 0x0000000093b00000|  0%| F|  |TAMS 0x0000000093a00000, 0x0000000093a00000| Untracked 
| 131|0x0000000093b00000, 0x0000000093b00000, 0x0000000093c00000|  0%| F|  |TAMS 0x0000000093b00000, 0x0000000093b00000| Untracked 
| 132|0x0000000093c00000, 0x0000000093c00000, 0x0000000093d00000|  0%| F|  |TAMS 0x0000000093c00000, 0x0000000093c00000| Untracked 
| 133|0x0000000093d00000, 0x0000000093d00000, 0x0000000093e00000|  0%| F|  |TAMS 0x0000000093d00000, 0x0000000093d00000| Untracked 
| 134|0x0000000093e00000, 0x0000000093e00000, 0x0000000093f00000|  0%| F|  |TAMS 0x0000000093e00000, 0x0000000093e00000| Untracked 
| 135|0x0000000093f00000, 0x0000000093f00000, 0x0000000094000000|  0%| F|  |TAMS 0x0000000093f00000, 0x0000000093f00000| Untracked 
| 136|0x0000000094000000, 0x0000000094000000, 0x0000000094100000|  0%| F|  |TAMS 0x0000000094000000, 0x0000000094000000| Untracked 
| 137|0x0000000094100000, 0x0000000094100000, 0x0000000094200000|  0%| F|  |TAMS 0x0000000094100000, 0x0000000094100000| Untracked 
| 138|0x0000000094200000, 0x00000000942e1cf0, 0x0000000094300000| 88%| S|CS|TAMS 0x0000000094200000, 0x0000000094200000| Complete 
| 139|0x0000000094300000, 0x0000000094400000, 0x0000000094400000|100%| S|CS|TAMS 0x0000000094300000, 0x0000000094300000| Complete 
| 140|0x0000000094400000, 0x0000000094400000, 0x0000000094500000|  0%| F|  |TAMS 0x0000000094400000, 0x0000000094400000| Untracked 
| 141|0x0000000094500000, 0x0000000094500000, 0x0000000094600000|  0%| F|  |TAMS 0x0000000094500000, 0x0000000094500000| Untracked 
| 142|0x0000000094600000, 0x0000000094600000, 0x0000000094700000|  0%| F|  |TAMS 0x0000000094600000, 0x0000000094600000| Untracked 
| 143|0x0000000094700000, 0x0000000094700000, 0x0000000094800000|  0%| F|  |TAMS 0x0000000094700000, 0x0000000094700000| Untracked 
| 144|0x0000000094800000, 0x0000000094800000, 0x0000000094900000|  0%| F|  |TAMS 0x0000000094800000, 0x0000000094800000| Untracked 
| 145|0x0000000094900000, 0x0000000094900000, 0x0000000094a00000|  0%| F|  |TAMS 0x0000000094900000, 0x0000000094900000| Untracked 
| 146|0x0000000094a00000, 0x0000000094a00000, 0x0000000094b00000|  0%| F|  |TAMS 0x0000000094a00000, 0x0000000094a00000| Untracked 
| 147|0x0000000094b00000, 0x0000000094b00000, 0x0000000094c00000|  0%| F|  |TAMS 0x0000000094b00000, 0x0000000094b00000| Untracked 
| 148|0x0000000094c00000, 0x0000000094c00000, 0x0000000094d00000|  0%| F|  |TAMS 0x0000000094c00000, 0x0000000094c00000| Untracked 
| 149|0x0000000094d00000, 0x0000000094d00000, 0x0000000094e00000|  0%| F|  |TAMS 0x0000000094d00000, 0x0000000094d00000| Untracked 
| 150|0x0000000094e00000, 0x0000000094e00000, 0x0000000094f00000|  0%| F|  |TAMS 0x0000000094e00000, 0x0000000094e00000| Untracked 
| 151|0x0000000094f00000, 0x0000000094f00000, 0x0000000095000000|  0%| F|  |TAMS 0x0000000094f00000, 0x0000000094f00000| Untracked 
| 152|0x0000000095000000, 0x0000000095000000, 0x0000000095100000|  0%| F|  |TAMS 0x0000000095000000, 0x0000000095000000| Untracked 
| 153|0x0000000095100000, 0x0000000095100000, 0x0000000095200000|  0%| F|  |TAMS 0x0000000095100000, 0x0000000095100000| Untracked 
| 154|0x0000000095200000, 0x0000000095200000, 0x0000000095300000|  0%| F|  |TAMS 0x0000000095200000, 0x0000000095200000| Untracked 
| 155|0x0000000095300000, 0x0000000095300000, 0x0000000095400000|  0%| F|  |TAMS 0x0000000095300000, 0x0000000095300000| Untracked 
| 156|0x0000000095400000, 0x0000000095480000, 0x0000000095500000| 50%| E|  |TAMS 0x0000000095400000, 0x0000000095400000| Complete 
| 157|0x0000000095500000, 0x0000000095600000, 0x0000000095600000|100%| E|CS|TAMS 0x0000000095500000, 0x0000000095500000| Complete 
| 158|0x0000000095600000, 0x0000000095700000, 0x0000000095700000|100%| E|CS|TAMS 0x0000000095600000, 0x0000000095600000| Complete 

Card table byte_map: [0x0000013dbd700000,0x0000013dbdab0000] _byte_map_base: 0x0000013dbd2a4000

Marking Bits (Prev, Next): (CMBitMap*) 0x0000013da45d17d0, (CMBitMap*) 0x0000013da45d1810
 Prev Bits: [0x0000013dbde60000, 0x0000013dbfb80000)
 Next Bits: [0x0000013dbfb80000, 0x0000013dc18a0000)

Polling page: 0x0000013da4630000

Metaspace:

Usage:
  Non-class:     13.86 MB used.
      Class:      1.84 MB used.
       Both:     15.70 MB used.

Virtual space:
  Non-class space:       64.00 MB reserved,      13.94 MB ( 22%) committed,  1 nodes.
      Class space:        1.00 GB reserved,       1.88 MB ( <1%) committed,  1 nodes.
             Both:        1.06 GB reserved,      15.81 MB (  1%) committed. 

Chunk freelists:
   Non-Class:  1.58 MB
       Class:  13.94 MB
        Both:  15.52 MB

MaxMetaspaceSize: unlimited
CompressedClassSpaceSize: 1.00 GB
Initial GC threshold: 21.00 MB
Current GC threshold: 21.00 MB
CDS: on
MetaspaceReclaimPolicy: balanced
 - commit_granule_bytes: 65536.
 - commit_granule_words: 8192.
 - virtual_space_node_default_size: 8388608.
 - enlarge_chunks_in_place: 1.
 - new_chunks_are_fully_committed: 0.
 - uncommit_free_chunks: 1.
 - use_allocation_guard: 0.
 - handle_deallocations: 1.


Internal statistics:

num_allocs_failed_limit: 0.
num_arena_births: 118.
num_arena_deaths: 0.
num_vsnodes_births: 2.
num_vsnodes_deaths: 0.
num_space_committed: 253.
num_space_uncommitted: 0.
num_chunks_returned_to_freelist: 0.
num_chunks_taken_from_freelist: 685.
num_chunk_merges: 0.
num_chunk_splits: 461.
num_chunks_enlarged: 358.
num_inconsistent_stats: 0.

CodeHeap 'non-profiled nmethods': size=120000Kb used=2043Kb max_used=2043Kb free=117956Kb
 bounds [0x0000013db54b0000, 0x0000013db5720000, 0x0000013dbc9e0000]
CodeHeap 'profiled nmethods': size=120000Kb used=8508Kb max_used=8508Kb free=111491Kb
 bounds [0x0000013dad9e0000, 0x0000013dae230000, 0x0000013db4f10000]
CodeHeap 'non-nmethods': size=5760Kb used=1179Kb max_used=1228Kb free=4580Kb
 bounds [0x0000013db4f10000, 0x0000013db5180000, 0x0000013db54b0000]
 total_blobs=4583 nmethods=4113 adapters=382
 compilation: enabled
              stopped_count=0, restarted_count=0
 full_count=0

Compilation events (20 events):
Event: 17.609 Thread 0x0000013dc435f780 nmethod 4079 0x0000013dae213b10 code [0x0000013dae213d00, 0x0000013dae2141d8]
Event: 17.624 Thread 0x0000013dc435f780 4080       1       org.apache.maven.model.Organization::setName (6 bytes)
Event: 17.624 Thread 0x0000013dc435f780 nmethod 4080 0x0000013db569f390 code [0x0000013db569f520, 0x0000013db569f638]
Event: 17.624 Thread 0x0000013dc435f780 4081       1       org.apache.maven.model.Organization::setUrl (6 bytes)
Event: 17.624 Thread 0x0000013dc435f780 nmethod 4081 0x0000013db569f690 code [0x0000013db569f820, 0x0000013db569f938]
Event: 17.640 Thread 0x0000013dc435f780 4082       3       java.util.regex.CharPredicates$$Lambda$17/0x800000025::is (5 bytes)
Event: 17.640 Thread 0x0000013dc435f780 nmethod 4082 0x0000013dae214410 code [0x0000013dae2145e0, 0x0000013dae2149d8]
Event: 17.640 Thread 0x0000013dc435f780 4083       3       java.util.regex.CharPredicates::lambda$ASCII_SPACE$20 (20 bytes)
Event: 17.641 Thread 0x0000013dc435f780 nmethod 4083 0x0000013dae214b90 code [0x0000013dae214d40, 0x0000013dae2150b8]
Event: 17.641 Thread 0x0000013dc435f780 4084       3       java.util.regex.ASCII::isSpace (8 bytes)
Event: 17.641 Thread 0x0000013dc435f780 nmethod 4084 0x0000013dae215210 code [0x0000013dae2153c0, 0x0000013dae215638]
Event: 17.645 Thread 0x0000013dc435f780 4085       3       org.eclipse.aether.util.version.GenericVersion$Item::compareTo (282 bytes)
Event: 17.647 Thread 0x0000013dc435f780 nmethod 4085 0x0000013dae215790 code [0x0000013dae215b20, 0x0000013dae2173f8]
Event: 17.692 Thread 0x0000013e0af6bd90 nmethod 3884 0x0000013db569f990 code [0x0000013db569ff60, 0x0000013db56a7918]
Event: 17.693 Thread 0x0000013e0af6bd90 4059       4       org.codehaus.plexus.util.xml.Xpp3DomBuilder::build (413 bytes)
Event: 17.700 Thread 0x0000013dc435f780 4087       1       org.apache.maven.model.ReportSet::getId (5 bytes)
Event: 17.701 Thread 0x0000013dc435f780 nmethod 4087 0x0000013db56adc90 code [0x0000013db56ade20, 0x0000013db56adef8]
Event: 17.728 Thread 0x0000013dc435f780 4088   !   3       org.apache.maven.model.ReportSet::clone (83 bytes)
Event: 17.729 Thread 0x0000013dc435f780 nmethod 4088 0x0000013dae217b10 code [0x0000013dae217dc0, 0x0000013dae218a58]
Event: 17.826 Thread 0x0000013dc435f780 4089       3       org.apache.maven.repository.internal.DefaultModelCache$Key::<init> (96 bytes)

GC Heap History (16 events):
Event: 1.829 GC heap before
{Heap before GC invocations=0 (full 0):
 garbage-first heap   total 120832K, used 22528K [0x000000008b800000, 0x0000000100000000)
  region size 1024K, 23 young (23552K), 0 survivors (0K)
 Metaspace       used 5523K, committed 5760K, reserved 1114112K
  class space    used 666K, committed 768K, reserved 1048576K
}
Event: 1.839 GC heap after
{Heap after GC invocations=1 (full 0):
 garbage-first heap   total 120832K, used 3816K [0x000000008b800000, 0x0000000100000000)
  region size 1024K, 3 young (3072K), 3 survivors (3072K)
 Metaspace       used 5523K, committed 5760K, reserved 1114112K
  class space    used 666K, committed 768K, reserved 1048576K
}
Event: 5.908 GC heap before
{Heap before GC invocations=1 (full 0):
 garbage-first heap   total 120832K, used 34536K [0x000000008b800000, 0x0000000100000000)
  region size 1024K, 33 young (33792K), 3 survivors (3072K)
 Metaspace       used 9798K, committed 9984K, reserved 1114112K
  class space    used 1187K, committed 1280K, reserved 1048576K
}
Event: 5.919 GC heap after
{Heap after GC invocations=2 (full 0):
 garbage-first heap   total 120832K, used 5520K [0x000000008b800000, 0x0000000100000000)
  region size 1024K, 2 young (2048K), 2 survivors (2048K)
 Metaspace       used 9798K, committed 9984K, reserved 1114112K
  class space    used 1187K, committed 1280K, reserved 1048576K
}
Event: 14.828 GC heap before
{Heap before GC invocations=2 (full 0):
 garbage-first heap   total 120832K, used 75152K [0x000000008b800000, 0x0000000100000000)
  region size 1024K, 70 young (71680K), 2 survivors (2048K)
 Metaspace       used 15712K, committed 15872K, reserved 1114112K
  class space    used 1868K, committed 1920K, reserved 1048576K
}
Event: 15.790 GC heap after
{Heap after GC invocations=3 (full 0):
 garbage-first heap   total 120832K, used 9844K [0x000000008b800000, 0x0000000100000000)
  region size 1024K, 6 young (6144K), 6 survivors (6144K)
 Metaspace       used 15712K, committed 15872K, reserved 1114112K
  class space    used 1868K, committed 1920K, reserved 1048576K
}
Event: 16.810 GC heap before
{Heap before GC invocations=3 (full 0):
 garbage-first heap   total 120832K, used 10868K [0x000000008b800000, 0x0000000100000000)
  region size 1024K, 7 young (7168K), 6 survivors (6144K)
 Metaspace       used 15721K, committed 15872K, reserved 1114112K
  class space    used 1868K, committed 1920K, reserved 1048576K
}
Event: 16.822 GC heap after
{Heap after GC invocations=4 (full 0):
 garbage-first heap   total 120832K, used 10598K [0x000000008b800000, 0x0000000100000000)
  region size 1024K, 1 young (1024K), 1 survivors (1024K)
 Metaspace       used 15721K, committed 15872K, reserved 1114112K
  class space    used 1868K, committed 1920K, reserved 1048576K
}
Event: 16.940 GC heap before
{Heap before GC invocations=4 (full 0):
 garbage-first heap   total 120832K, used 14694K [0x000000008b800000, 0x0000000100000000)
  region size 1024K, 5 young (5120K), 1 survivors (1024K)
 Metaspace       used 15781K, committed 15936K, reserved 1114112K
  class space    used 1868K, committed 1920K, reserved 1048576K
}
Event: 16.942 GC heap after
{Heap after GC invocations=5 (full 0):
 garbage-first heap   total 120832K, used 10237K [0x000000008b800000, 0x0000000100000000)
  region size 1024K, 1 young (1024K), 1 survivors (1024K)
 Metaspace       used 15781K, committed 15936K, reserved 1114112K
  class space    used 1868K, committed 1920K, reserved 1048576K
}
Event: 17.025 GC heap before
{Heap before GC invocations=5 (full 0):
 garbage-first heap   total 120832K, used 14333K [0x000000008b800000, 0x0000000100000000)
  region size 1024K, 5 young (5120K), 1 survivors (1024K)
 Metaspace       used 15798K, committed 16000K, reserved 1114112K
  class space    used 1868K, committed 1920K, reserved 1048576K
}
Event: 17.027 GC heap after
{Heap after GC invocations=6 (full 0):
 garbage-first heap   total 120832K, used 10325K [0x000000008b800000, 0x0000000100000000)
  region size 1024K, 1 young (1024K), 1 survivors (1024K)
 Metaspace       used 15798K, committed 16000K, reserved 1114112K
  class space    used 1868K, committed 1920K, reserved 1048576K
}
Event: 17.110 GC heap before
{Heap before GC invocations=6 (full 0):
 garbage-first heap   total 120832K, used 14421K [0x000000008b800000, 0x0000000100000000)
  region size 1024K, 5 young (5120K), 1 survivors (1024K)
 Metaspace       used 15817K, committed 16000K, reserved 1114112K
  class space    used 1869K, committed 1920K, reserved 1048576K
}
Event: 17.113 GC heap after
{Heap after GC invocations=7 (full 0):
 garbage-first heap   total 162816K, used 10754K [0x000000008b800000, 0x0000000100000000)
  region size 1024K, 1 young (1024K), 1 survivors (1024K)
 Metaspace       used 15817K, committed 16000K, reserved 1114112K
  class space    used 1869K, committed 1920K, reserved 1048576K
}
Event: 17.635 GC heap before
{Heap before GC invocations=7 (full 0):
 garbage-first heap   total 162816K, used 30210K [0x000000008b800000, 0x0000000100000000)
  region size 1024K, 20 young (20480K), 1 survivors (1024K)
 Metaspace       used 15969K, committed 16128K, reserved 1114112K
  class space    used 1871K, committed 1920K, reserved 1048576K
}
Event: 17.640 GC heap after
{Heap after GC invocations=8 (full 0):
 garbage-first heap   total 162816K, used 11784K [0x000000008b800000, 0x0000000100000000)
  region size 1024K, 2 young (2048K), 2 survivors (2048K)
 Metaspace       used 15969K, committed 16128K, reserved 1114112K
  class space    used 1871K, committed 1920K, reserved 1048576K
}

Dll operation events (8 events):
Event: 0.016 Loaded shared library C:\Program Files\Amazon Corretto\jdk17.0.13_11\bin\java.dll
Event: 0.040 Loaded shared library C:\Program Files\Amazon Corretto\jdk17.0.13_11\bin\jsvml.dll
Event: 0.091 Loaded shared library C:\Program Files\Amazon Corretto\jdk17.0.13_11\bin\net.dll
Event: 0.096 Loaded shared library C:\Program Files\Amazon Corretto\jdk17.0.13_11\bin\nio.dll
Event: 0.103 Loaded shared library C:\Program Files\Amazon Corretto\jdk17.0.13_11\bin\zip.dll
Event: 0.416 Loaded shared library C:\ProgramData\chocolatey\lib\maven\apache-maven-3.9.9\lib\jansi-native\Windows\x86_64\jansi.dll
Event: 0.417 Loaded shared library C:\Program Files\Amazon Corretto\jdk17.0.13_11\bin\jimage.dll
Event: 0.471 Loaded shared library C:\Program Files\Amazon Corretto\jdk17.0.13_11\bin\verify.dll

Deoptimization events (20 events):
Event: 13.630 Thread 0x0000013da45791d0 DEOPT PACKING pc=0x0000013db5647d40 sp=0x0000000487ffbbd0
Event: 13.630 Thread 0x0000013da45791d0 DEOPT UNPACKING pc=0x0000013db4f669a3 sp=0x0000000487ffbb80 mode 2
Event: 13.630 Thread 0x0000013da45791d0 Uncommon trap: trap_request=0xffffffbe fr.pc=0x0000013db5647d40 relative=0x00000000000003a0
Event: 13.630 Thread 0x0000013da45791d0 Uncommon trap: reason=profile_predicate action=maybe_recompile pc=0x0000013db5647d40 method=java.util.regex.Pattern$Slice.match(Ljava/util/regex/Matcher;ILjava/lang/CharSequence;)Z @ 18 c2
Event: 13.630 Thread 0x0000013da45791d0 DEOPT PACKING pc=0x0000013db5647d40 sp=0x0000000487ffbbd0
Event: 13.630 Thread 0x0000013da45791d0 DEOPT UNPACKING pc=0x0000013db4f669a3 sp=0x0000000487ffbb80 mode 2
Event: 16.925 Thread 0x0000013da45791d0 DEOPT PACKING pc=0x0000013dae0e2255 sp=0x0000000487ffc8a0
Event: 16.925 Thread 0x0000013da45791d0 DEOPT UNPACKING pc=0x0000013db4f67143 sp=0x0000000487ffbda8 mode 0
Event: 16.926 Thread 0x0000013da45791d0 DEOPT PACKING pc=0x0000013dae0e2255 sp=0x0000000487ffc610
Event: 16.926 Thread 0x0000013da45791d0 DEOPT UNPACKING pc=0x0000013db4f67143 sp=0x0000000487ffbb18 mode 0
Event: 16.936 Thread 0x0000013da45791d0 DEOPT PACKING pc=0x0000013dae0e2255 sp=0x0000000487ffc8c0
Event: 16.936 Thread 0x0000013da45791d0 DEOPT UNPACKING pc=0x0000013db4f67143 sp=0x0000000487ffbdd0 mode 0
Event: 16.957 Thread 0x0000013da45791d0 DEOPT PACKING pc=0x0000013dae0e2255 sp=0x0000000487ffc2f0
Event: 16.957 Thread 0x0000013da45791d0 DEOPT UNPACKING pc=0x0000013db4f67143 sp=0x0000000487ffb7f8 mode 0
Event: 16.959 Thread 0x0000013da45791d0 DEOPT PACKING pc=0x0000013dae0e2255 sp=0x0000000487ffc240
Event: 16.959 Thread 0x0000013da45791d0 DEOPT UNPACKING pc=0x0000013db4f67143 sp=0x0000000487ffb748 mode 0
Event: 16.960 Thread 0x0000013da45791d0 DEOPT PACKING pc=0x0000013dae0e2255 sp=0x0000000487ffc350
Event: 16.960 Thread 0x0000013da45791d0 DEOPT UNPACKING pc=0x0000013db4f67143 sp=0x0000000487ffb858 mode 0
Event: 17.044 Thread 0x0000013da45791d0 DEOPT PACKING pc=0x0000013dadf305dc sp=0x0000000487ffc540
Event: 17.044 Thread 0x0000013da45791d0 DEOPT UNPACKING pc=0x0000013db4f67143 sp=0x0000000487ffba98 mode 0

Classes loaded (20 events):
Event: 9.815 Loading class java/util/AbstractMap$2$1
Event: 9.815 Loading class java/util/AbstractMap$2$1 done
Event: 9.850 Loading class java/util/Formatter$FixedString
Event: 9.851 Loading class java/util/Formatter$FixedString done
Event: 10.030 Loading class java/util/stream/Streams$RangeIntSpliterator
Event: 10.031 Loading class java/util/stream/Streams$RangeIntSpliterator done
Event: 10.089 Loading class java/util/stream/MatchOps$MatchKind
Event: 10.089 Loading class java/util/stream/MatchOps$MatchKind done
Event: 10.090 Loading class java/util/stream/MatchOps
Event: 10.090 Loading class java/util/stream/MatchOps done
Event: 10.090 Loading class java/util/stream/MatchOps$MatchOp
Event: 10.092 Loading class java/util/stream/MatchOps$MatchOp done
Event: 10.092 Loading class java/util/stream/MatchOps$BooleanTerminalSink
Event: 10.092 Loading class java/util/stream/MatchOps$BooleanTerminalSink done
Event: 10.094 Loading class java/util/stream/MatchOps$1MatchSink
Event: 10.095 Loading class java/util/stream/MatchOps$1MatchSink done
Event: 13.445 Loading class sun/nio/cs/ISO_8859_1$Decoder
Event: 13.448 Loading class sun/nio/cs/ISO_8859_1$Decoder done
Event: 17.038 Loading class java/util/Collections$UnmodifiableList$1
Event: 17.038 Loading class java/util/Collections$UnmodifiableList$1 done

Classes unloaded (0 events):
No events

Classes redefined (0 events):
No events

Internal exceptions (20 events):
Event: 0.635 Thread 0x0000013da45791d0 Exception <a 'java/lang/NoSuchMethodError'{0x0000000092670230}: 'java.lang.Object java.lang.invoke.DirectMethodHandle$Holder.invokeSpecialIFC(java.lang.Object, java.lang.Object, java.lang.Object, java.lang.Object)'> (0x0000000092670230) 
thrown [s\src\hotspot\share\interpreter\linkResolver.cpp, line 759]
Event: 0.966 Thread 0x0000013da45791d0 Exception <a 'java/lang/NoSuchMethodError'{0x0000000092046148}: 'void java.lang.invoke.DirectMethodHandle$Holder.invokeSpecial(java.lang.Object, java.lang.Object, java.lang.Object)'> (0x0000000092046148) 
thrown [s\src\hotspot\share\interpreter\linkResolver.cpp, line 759]
Event: 1.360 Thread 0x0000013da45791d0 Exception <a 'java/lang/NoSuchMethodError'{0x0000000091fa4ef8}: 'java.lang.Object java.lang.invoke.DirectMethodHandle$Holder.invokeInterface(java.lang.Object, java.lang.Object)'> (0x0000000091fa4ef8) 
thrown [s\src\hotspot\share\interpreter\linkResolver.cpp, line 759]
Event: 1.419 Thread 0x0000013da45791d0 Exception <a 'java/lang/NoSuchMethodError'{0x0000000091e50728}: 'java.lang.Object java.lang.invoke.Invokers$Holder.invokeExact_MT(java.lang.Object, java.lang.Object, java.lang.Object, java.lang.Object, java.lang.Object, java.lang.Object)'> (0x0000000091e50728) 
thrown [s\src\hotspot\share\interpreter\linkResolver.cpp, line 759]
Event: 1.426 Thread 0x0000013da45791d0 Exception <a 'java/lang/NoSuchMethodError'{0x0000000091e61b48}: 'int java.lang.invoke.DirectMethodHandle$Holder.invokeSpecialIFC(java.lang.Object, java.lang.Object, java.lang.Object, java.lang.Object, java.lang.Object)'> (0x0000000091e61b48) 
thrown [s\src\hotspot\share\interpreter\linkResolver.cpp, line 759]
Event: 1.628 Thread 0x0000013da45791d0 Exception <a 'java/lang/NoSuchMethodError'{0x0000000091c076c8}: 'java.lang.Object java.lang.invoke.DirectMethodHandle$Holder.newInvokeSpecial(java.lang.Object, java.lang.Object, java.lang.Object, java.lang.Object, java.lang.Object)'> (0x0000000091c076c8) 
thrown [s\src\hotspot\share\interpreter\linkResolver.cpp, line 759]
Event: 1.708 Thread 0x0000013da45791d0 Exception <a 'java/lang/NoSuchMethodError'{0x0000000091b0dec8}: 'int java.lang.invoke.DirectMethodHandle$Holder.invokeStaticInit(java.lang.Object, java.lang.Object)'> (0x0000000091b0dec8) 
thrown [s\src\hotspot\share\interpreter\linkResolver.cpp, line 759]
Event: 1.728 Thread 0x0000013da45791d0 Exception <a 'java/lang/NoClassDefFoundError'{0x0000000091b46340}: javax/enterprise/inject/Typed> (0x0000000091b46340) 
thrown [s\src\hotspot\share\classfile\systemDictionary.cpp, line 245]
Event: 6.296 Thread 0x0000013da45791d0 Exception <a 'java/lang/NoSuchMethodError'{0x000000009290a1b8}: 'void java.lang.invoke.DirectMethodHandle$Holder.invokeStaticInit(java.lang.Object, java.lang.Object, java.lang.Object)'> (0x000000009290a1b8) 
thrown [s\src\hotspot\share\interpreter\linkResolver.cpp, line 759]
Event: 6.317 Thread 0x0000013da45791d0 Exception <a 'java/lang/ExceptionInInitializerError'{0x00000000929358b8}> (0x00000000929358b8) 
thrown [s\src\hotspot\share\oops\instanceKlass.cpp, line 1218]
Event: 6.428 Thread 0x0000013da45791d0 Implicit null exception at 0x0000013db5527faf to 0x0000013db552810c
Event: 6.433 Thread 0x0000013da45791d0 Exception <a 'java/lang/NoSuchMethodError'{0x0000000092846e18}: 'java.lang.Object java.lang.invoke.Invokers$Holder.invokeExact_MT(java.lang.Object, int, java.lang.Object)'> (0x0000000092846e18) 
thrown [s\src\hotspot\share\interpreter\linkResolver.cpp, line 759]
Event: 6.482 Thread 0x0000013da45791d0 Exception <a 'java/lang/NoSuchMethodError'{0x00000000928b8080}: 'int java.lang.invoke.DirectMethodHandle$Holder.invokeSpecial(java.lang.Object, java.lang.Object, java.lang.Object, java.lang.Object)'> (0x00000000928b8080) 
thrown [s\src\hotspot\share\interpreter\linkResolver.cpp, line 759]
Event: 7.834 Thread 0x0000013da45791d0 Exception <a 'java/lang/NoClassDefFoundError'{0x00000000920da890}: com/google/inject/servlet/ServletModuleTargetVisitor> (0x00000000920da890) 
thrown [s\src\hotspot\share\classfile\systemDictionary.cpp, line 245]
Event: 8.188 Thread 0x0000013da45791d0 Exception <a 'java/lang/NoSuchMethodError'{0x0000000091e6dda0}: 'void java.lang.invoke.DirectMethodHandle$Holder.invokeVirtual(java.lang.Object, java.lang.Object)'> (0x0000000091e6dda0) 
thrown [s\src\hotspot\share\interpreter\linkResolver.cpp, line 759]
Event: 8.500 Thread 0x0000013da45791d0 Exception <a 'java/lang/NoSuchMethodError'{0x0000000091ee6568}: 'java.lang.Object java.lang.invoke.DirectMethodHandle$Holder.invokeStaticInit(java.lang.Object, int, int, int, int)'> (0x0000000091ee6568) 
thrown [s\src\hotspot\share\interpreter\linkResolver.cpp, line 759]
Event: 9.092 Thread 0x0000013da45791d0 Implicit null exception at 0x0000013db5567c08 to 0x0000013db556a7cc
Event: 9.226 Thread 0x0000013da45791d0 Exception <a 'java/lang/NoSuchMethodError'{0x00000000919a7f28}: 'void java.lang.invoke.DirectMethodHandle$Holder.invokeSpecial(java.lang.Object, java.lang.Object, java.lang.Object, java.lang.Object, java.lang.Object)'> (0x00000000919a7f28) 
thrown [s\src\hotspot\share\interpreter\linkResolver.cpp, line 759]
Event: 9.235 Thread 0x0000013da45791d0 Exception <a 'java/lang/NoSuchMethodError'{0x00000000919c5750}: 'java.lang.Object java.lang.invoke.DirectMethodHandle$Holder.invokeVirtual(java.lang.Object, java.lang.Object, java.lang.Object)'> (0x00000000919c5750) 
thrown [s\src\hotspot\share\interpreter\linkResolver.cpp, line 759]
Event: 9.247 Thread 0x0000013da45791d0 Exception <a 'java/lang/NoSuchMethodError'{0x00000000919d8f08}: 'void java.lang.invoke.DirectMethodHandle$Holder.invokeSpecial(java.lang.Object, java.lang.Object, java.lang.Object, java.lang.Object, java.lang.Object, java.lang.Object)'> (0x00000000919d8f08) 
thrown [s\src\hotspot\share\interpreter\linkResolver.cpp, line 759]

VM Operations (20 events):
Event: 13.664 Executing VM operation: ICBufferFull
Event: 13.664 Executing VM operation: ICBufferFull done
Event: 14.665 Executing VM operation: Cleanup
Event: 14.753 Executing VM operation: Cleanup done
Event: 14.827 Executing VM operation: G1CollectForAllocation
Event: 15.790 Executing VM operation: G1CollectForAllocation done
Event: 16.790 Executing VM operation: Cleanup
Event: 16.803 Executing VM operation: Cleanup done
Event: 16.809 Executing VM operation: G1CollectForAllocation
Event: 16.822 Executing VM operation: G1CollectForAllocation done
Event: 16.940 Executing VM operation: G1CollectForAllocation
Event: 16.942 Executing VM operation: G1CollectForAllocation done
Event: 17.025 Executing VM operation: G1CollectForAllocation
Event: 17.027 Executing VM operation: G1CollectForAllocation done
Event: 17.110 Executing VM operation: G1CollectForAllocation
Event: 17.113 Executing VM operation: G1CollectForAllocation done
Event: 17.635 Executing VM operation: G1CollectForAllocation
Event: 17.640 Executing VM operation: G1CollectForAllocation done
Event: 18.640 Executing VM operation: Cleanup
Event: 18.640 Executing VM operation: Cleanup done

Memory protections (0 events):
No events

Nmethod flushes (0 events):
No events

Events (20 events):
Event: 0.044 Thread 0x0000013da45791d0 Thread added: 0x0000013dc4324520
Event: 0.045 Thread 0x0000013da45791d0 Thread added: 0x0000013dc4324df0
Event: 0.060 Thread 0x0000013da45791d0 Thread added: 0x0000013dc433e660
Event: 0.060 Thread 0x0000013da45791d0 Thread added: 0x0000013dc4342f40
Event: 0.061 Thread 0x0000013da45791d0 Thread added: 0x0000013dc4343810
Event: 0.061 Thread 0x0000013da45791d0 Thread added: 0x0000013dc43440e0
Event: 0.061 Thread 0x0000013da45791d0 Thread added: 0x0000013dc4346da0
Event: 0.061 Thread 0x0000013da45791d0 Thread added: 0x0000013dc435f780
Event: 0.061 Thread 0x0000013da45791d0 Thread added: 0x0000013dc43620a0
Event: 0.082 Thread 0x0000013da45791d0 Thread added: 0x0000013dc4599570
Event: 0.085 Thread 0x0000013da45791d0 Thread added: 0x0000013dc45c0530
Event: 0.411 Thread 0x0000013da45791d0 Thread added: 0x0000013dc47b9270
Event: 0.789 Thread 0x0000013dc47b9270 Thread exited: 0x0000013dc47b9270
Event: 8.878 Thread 0x0000013da45791d0 Thread added: 0x0000013e0b2e0050
Event: 9.929 Thread 0x0000013dc435f780 Thread added: 0x0000013e0aca2a80
Event: 9.929 Thread 0x0000013dc435f780 Thread added: 0x0000013e0aabdf80
Event: 10.154 Thread 0x0000013e0aabdf80 Thread exited: 0x0000013e0aabdf80
Event: 11.815 Thread 0x0000013e0aca2a80 Thread exited: 0x0000013e0aca2a80
Event: 12.992 Thread 0x0000013dc435f780 Thread added: 0x0000013e0af6bd90
Event: 13.200 Thread 0x0000013dc435f780 Thread added: 0x0000013e0b520210


Dynamic libraries:
0x00007ff69df80000 - 0x00007ff69df8e000 	C:\Program Files\Amazon Corretto\jdk17.0.13_11\bin\java.exe
0x00007ffba9480000 - 0x00007ffba96e6000 	C:\WINDOWS\SYSTEM32\ntdll.dll
0x00007ffba7fa0000 - 0x00007ffba8069000 	C:\WINDOWS\System32\KERNEL32.DLL
0x00007ffba6910000 - 0x00007ffba6cdc000 	C:\WINDOWS\System32\KERNELBASE.dll
0x00007ffba6790000 - 0x00007ffba68db000 	C:\WINDOWS\System32\ucrtbase.dll
0x00007ffb88bd0000 - 0x00007ffb88beb000 	C:\Program Files\Amazon Corretto\jdk17.0.13_11\bin\VCRUNTIME140.dll
0x00007ffb7c260000 - 0x00007ffb7c277000 	C:\Program Files\Amazon Corretto\jdk17.0.13_11\bin\jli.dll
0x00007ffba8ab0000 - 0x00007ffba8c7a000 	C:\WINDOWS\System32\USER32.dll
0x00007ffba68e0000 - 0x00007ffba6907000 	C:\WINDOWS\System32\win32u.dll
0x00007ffba7a40000 - 0x00007ffba7a6b000 	C:\WINDOWS\System32\GDI32.dll
0x00007ffb93ff0000 - 0x00007ffb9428a000 	C:\WINDOWS\WinSxS\amd64_microsoft.windows.common-controls_6595b64144ccf1df_6.0.26100.3912_none_3e07963ce335137e\COMCTL32.dll
0x00007ffba6fa0000 - 0x00007ffba70d2000 	C:\WINDOWS\System32\gdi32full.dll
0x00007ffba6e60000 - 0x00007ffba6f03000 	C:\WINDOWS\System32\msvcp_win.dll
0x00007ffba7740000 - 0x00007ffba77e9000 	C:\WINDOWS\System32\msvcrt.dll
0x00007ffba8070000 - 0x00007ffba80a0000 	C:\WINDOWS\System32\IMM32.DLL
0x00007ffb837e0000 - 0x00007ffb837ec000 	C:\Program Files\Amazon Corretto\jdk17.0.13_11\bin\vcruntime140_1.dll
0x00007ffb704a0000 - 0x00007ffb7052d000 	C:\Program Files\Amazon Corretto\jdk17.0.13_11\bin\msvcp140.dll
0x00007ffb1c090000 - 0x00007ffb1ccfc000 	C:\Program Files\Amazon Corretto\jdk17.0.13_11\bin\server\jvm.dll
0x00007ffba7650000 - 0x00007ffba7702000 	C:\WINDOWS\System32\ADVAPI32.dll
0x00007ffba75a0000 - 0x00007ffba7646000 	C:\WINDOWS\System32\sechost.dll
0x00007ffba7250000 - 0x00007ffba7366000 	C:\WINDOWS\System32\RPCRT4.dll
0x00007ffba7b90000 - 0x00007ffba7c04000 	C:\WINDOWS\System32\WS2_32.dll
0x00007ffba61e0000 - 0x00007ffba623e000 	C:\WINDOWS\SYSTEM32\POWRPROF.dll
0x00007ffb9ef50000 - 0x00007ffb9ef5b000 	C:\WINDOWS\SYSTEM32\VERSION.dll
0x00007ffb9ef10000 - 0x00007ffb9ef46000 	C:\WINDOWS\SYSTEM32\WINMM.dll
0x00007ffba61c0000 - 0x00007ffba61d4000 	C:\WINDOWS\SYSTEM32\UMPDC.dll
0x00007ffba53d0000 - 0x00007ffba53ea000 	C:\WINDOWS\SYSTEM32\kernel.appcore.dll
0x00007ffb837a0000 - 0x00007ffb837aa000 	C:\Program Files\Amazon Corretto\jdk17.0.13_11\bin\jimage.dll
0x00007ffb99bb0000 - 0x00007ffb99df1000 	C:\WINDOWS\SYSTEM32\DBGHELP.DLL
0x00007ffba7c10000 - 0x00007ffba7f94000 	C:\WINDOWS\System32\combase.dll
0x00007ffba8290000 - 0x00007ffba8370000 	C:\WINDOWS\System32\OLEAUT32.dll
0x00007ffb92ce0000 - 0x00007ffb92d19000 	C:\WINDOWS\SYSTEM32\dbgcore.DLL
0x00007ffba70e0000 - 0x00007ffba7179000 	C:\WINDOWS\System32\bcryptPrimitives.dll
0x00007ffb70f50000 - 0x00007ffb70f75000 	C:\Program Files\Amazon Corretto\jdk17.0.13_11\bin\java.dll
0x00007ffb6b100000 - 0x00007ffb6b1d7000 	C:\Program Files\Amazon Corretto\jdk17.0.13_11\bin\jsvml.dll
0x00007ffba8380000 - 0x00007ffba8aad000 	C:\WINDOWS\System32\SHELL32.dll
0x00007ffba6ce0000 - 0x00007ffba6e54000 	C:\WINDOWS\System32\wintypes.dll
0x00007ffba4280000 - 0x00007ffba4ad6000 	C:\WINDOWS\SYSTEM32\windows.storage.dll
0x00007ffba7a90000 - 0x00007ffba7b7f000 	C:\WINDOWS\System32\SHCORE.dll
0x00007ffba79d0000 - 0x00007ffba7a39000 	C:\WINDOWS\System32\shlwapi.dll
0x00007ffba6520000 - 0x00007ffba654f000 	C:\WINDOWS\SYSTEM32\profapi.dll
0x00007ffb73910000 - 0x00007ffb73929000 	C:\Program Files\Amazon Corretto\jdk17.0.13_11\bin\net.dll
0x00007ffb9fe60000 - 0x00007ffb9ff7e000 	C:\WINDOWS\SYSTEM32\WINHTTP.dll
0x00007ffba5940000 - 0x00007ffba59aa000 	C:\WINDOWS\system32\mswsock.dll
0x00007ffb70f30000 - 0x00007ffb70f46000 	C:\Program Files\Amazon Corretto\jdk17.0.13_11\bin\nio.dll
0x00007ffb70840000 - 0x00007ffb70858000 	C:\Program Files\Amazon Corretto\jdk17.0.13_11\bin\zip.dll
0x00007ffb70810000 - 0x00007ffb70834000 	C:\ProgramData\chocolatey\lib\maven\apache-maven-3.9.9\lib\jansi-native\Windows\x86_64\jansi.dll
0x00007ffb70770000 - 0x00007ffb70780000 	C:\Program Files\Amazon Corretto\jdk17.0.13_11\bin\verify.dll

dbghelp: loaded successfully - version: 4.0.5 - missing functions: none
symbol engine: initialized successfully - sym options: 0x614 - pdb path: .;C:\Program Files\Amazon Corretto\jdk17.0.13_11\bin;C:\WINDOWS\SYSTEM32;C:\WINDOWS\WinSxS\amd64_microsoft.windows.common-controls_6595b64144ccf1df_6.0.26100.3912_none_3e07963ce335137e;C:\Program Files\Amazon Corretto\jdk17.0.13_11\bin\server;C:\ProgramData\chocolatey\lib\maven\apache-maven-3.9.9\lib\jansi-native\Windows\x86_64

VM Arguments:
jvm_args: -Dclassworlds.conf=C:\ProgramData\chocolatey\lib\maven\apache-maven-3.9.9\bin\m2.conf -Dmaven.home=C:\ProgramData\chocolatey\lib\maven\apache-maven-3.9.9 -Dlibrary.jansi.path=C:\ProgramData\chocolatey\lib\maven\apache-maven-3.9.9\lib\jansi-native -Dmaven.multiModuleProjectDirectory=C:\Users\uhana\IdeaProjects\mulkiAppium 
java_command: org.codehaus.plexus.classworlds.launcher.Launcher clean install
java_class_path (initial): C:\ProgramData\chocolatey\lib\maven\apache-maven-3.9.9\boot\plexus-classworlds-2.8.0.jar
Launcher Type: SUN_STANDARD

[Global flags]
     intx CICompilerCount                          = 4                                         {product} {ergonomic}
     uint ConcGCThreads                            = 2                                         {product} {ergonomic}
     uint G1ConcRefinementThreads                  = 8                                         {product} {ergonomic}
   size_t G1HeapRegionSize                         = 1048576                                   {product} {ergonomic}
    uintx GCDrainStackTargetSize                   = 64                                        {product} {ergonomic}
   size_t InitialHeapSize                          = 123731968                                 {product} {ergonomic}
   size_t MarkStackSize                            = 4194304                                   {product} {ergonomic}
   size_t MaxHeapSize                              = 1954545664                                {product} {ergonomic}
   size_t MaxNewSize                               = 1172307968                                {product} {ergonomic}
   size_t MinHeapDeltaBytes                        = 1048576                                   {product} {ergonomic}
   size_t MinHeapSize                              = 8388608                                   {product} {ergonomic}
    uintx NonNMethodCodeHeapSize                   = 5839372                                {pd product} {ergonomic}
    uintx NonProfiledCodeHeapSize                  = 122909434                              {pd product} {ergonomic}
    uintx ProfiledCodeHeapSize                     = 122909434                              {pd product} {ergonomic}
    uintx ReservedCodeCacheSize                    = 251658240                              {pd product} {ergonomic}
     bool SegmentedCodeCache                       = true                                      {product} {ergonomic}
   size_t SoftMaxHeapSize                          = 1954545664                             {manageable} {ergonomic}
     bool UseCompressedClassPointers               = true                           {product lp64_product} {ergonomic}
     bool UseCompressedOops                        = true                           {product lp64_product} {ergonomic}
     bool UseG1GC                                  = true                                      {product} {ergonomic}
     bool UseLargePagesIndividualAllocation        = false                                  {pd product} {ergonomic}

Logging:
Log output configuration:
 #0: stdout all=warning uptime,level,tags
 #1: stderr all=off uptime,level,tags

Environment Variables:
JAVA_HOME=C:\Program Files\Amazon Corretto\jdk17.0.13_11
PATH=C:\Users\uhana\AppData\Local\Programs\Python\Python313\Scripts\;C:\Users\uhana\AppData\Local\Programs\Python\Python313\;C:\Program Files\Amazon Corretto\jdk17.0.13_11\bin;C:\Program Files\Amazon Corretto\jdk11.0.26_4\bin;c:\Users\uhana\AppData\Local\Programs\cursor\resources\app\bin;C:\Windows\system32;C:\Windows;C:\Windows\System32\Wbem;C:\Windows\System32\WindowsPowerShell\v1.0\;C:\Windows\System32\OpenSSH\;C:\Users\uhana\AppData\Local\Microsoft\WindowsApps;C:\Program Files\Java\jdk-22\bin;C:\Users\uhana\AppData\Local\Android\Sdk\platform-tools;node_modules\npm\bin;C:\WINDOWS\system32;C:\WINDOWS;C:\WINDOWS\System32\Wbem;C:\WINDOWS\System32\WindowsPowerShell\v1.0\;C:\WINDOWS\System32\OpenSSH\;C:\Program Files\Amazon Corretto\jdk17.0.13_11\bin;C:\Program Files\Docker\Docker\resources\bin;D:\uhana\Software & QC\apache-jmeter-5.6.3\apache-jmeter-5.6.3\bin;C:\ProgramData\chocolatey\bin;C:\Program Files\Vagrant\bin;C:\Program Files\Git\cmd;C:\ProgramData\chocolatey\lib\maven\apache-maven-3.9.9\bin;C:\Program Files\Amazon\AWSCLIV2\;C:\Users\uhana\AppData\Roaming\npm;%NVM_HOME%;%NVM_SYMLINK%;C:\Program Files\nodejs\;C:\Users\uhana\scoop\shims;C:\Users\uhana\AppData\Local\Microsoft\WindowsApps;C:\Users\uhana\AppData\Local\Programs\cursor\resources\app\bin;C:\Program Files\Oracle\VirtualBox;C:\Users\uhana\AppData\Local\nvm;C:\nvm4w\nodejs;C:\Users\uhana\AppData\Roaming\npm
USERNAME=uhana
LANG=en_US.UTF-8
OS=Windows_NT
PROCESSOR_IDENTIFIER=AMD64 Family 23 Model 160 Stepping 0, AuthenticAMD
TMP=C:\Users\uhana\AppData\Local\Temp
TEMP=C:\Users\uhana\AppData\Local\Temp



Periodic native trim disabled


---------------  S Y S T E M  ---------------

OS:
 Windows 11 , 64 bit Build 26100 (10.0.26100.3912)
OS uptime: 0 days 23:49 hours
Hyper-V role detected

CPU: total 8 (initial active 8) (8 cores per cpu, 2 threads per core) family 23 model 160 stepping 0 microcode 0x8a00006, cx8, cmov, fxsr, ht, mmx, 3dnowpref, sse, sse2, sse3, ssse3, sse4a, sse4.1, sse4.2, popcnt, lzcnt, tsc, tscinvbit, avx, avx2, aes, clmul, bmi1, bmi2, adx, sha, fma, vzeroupper, clflush, clflushopt, hv
Processor Information for processor 0
  Max Mhz: 2801, Current Mhz: 2246, Mhz Limit: 2801
Processor Information for processor 1
  Max Mhz: 2801, Current Mhz: 2801, Mhz Limit: 2801
Processor Information for processor 2
  Max Mhz: 2801, Current Mhz: 2801, Mhz Limit: 2801
Processor Information for processor 3
  Max Mhz: 2801, Current Mhz: 2801, Mhz Limit: 2801
Processor Information for processor 4
  Max Mhz: 2801, Current Mhz: 2801, Mhz Limit: 2801
Processor Information for processor 5
  Max Mhz: 2801, Current Mhz: 2246, Mhz Limit: 2801
Processor Information for processor 6
  Max Mhz: 2801, Current Mhz: 2801, Mhz Limit: 2801
Processor Information for processor 7
  Max Mhz: 2801, Current Mhz: 2801, Mhz Limit: 2801

Memory: 4k page, system-wide physical 7455M (1549M free)
TotalPageFile size 29983M (AvailPageFile size 31M)
current process WorkingSet (physical memory assigned to process): 215M, peak: 215M
current process commit charge ("private bytes"): 318M, peak: 319M

vm_info: OpenJDK 64-Bit Server VM (17.0.13+11-LTS) for windows-amd64 JRE (17.0.13+11-LTS), built on Oct 10 2024 19:51:30 by "Administrator" with MS VC++ 16.10 / 16.11 (VS2019)

END.
